
> MeroBot@1.0.0 start /home/BustABit/BustBitScripts
> node src/Bot.js

[Bot] ====== Merowinger's BustaBit Script ======[Bot]
Connected to WebServer
Connected to GameServer
Initial Balance: 172.54
Placed 1 bits on Multiplier: 1.25
Game crashed at 8.11 WIN
Session Profit in bits: 0.25
Placed 1 bits on Multiplier: 1.25
Game crashed at 2.01 WIN
Session Profit in bits: 0.50
Placed 1 bits on Multiplier: 1.25
Game crashed at 10.83 WIN
Session Profit in bits: 0.75
Placed 1 bits on Multiplier: 1.25
Game crashed at 5.97 WIN
Session Profit in bits: 1.00
Placed 1 bits on Multiplier: 1.25
Game crashed at 2.18 WIN
Session Profit in bits: 1.25
Placed 1 bits on Multiplier: 1.25
Disconnected from Web server | transport error | string
Connected to WebServer
Game crashed at 4.93 WIN
Session Profit in bits: 1.50
Placed 1 bits on Multiplier: 1.25
Game crashed at 1.37 WIN
Session Profit in bits: 1.75
Placed 1 bits on Multiplier: 1.25
Game crashed at 6.54 WIN
Session Profit in bits: 2.00
Placed 1 bits on Multiplier: 1.25
Game crashed at 2.85 WIN
Session Profit in bits: 2.25
Placed 1 bits on Multiplier: 1.25
Game crashed at 1.98 WIN
Session Profit in bits: 2.50
Placed 1 bits on Multiplier: 1.25
Game crashed at 1.08 LOST
Session Profit in bits: 1.50
Placed 1 bits on Multiplier: 1.25
Game crashed at 1.62 WIN
Session Profit in bits: 1.75
Placed 2 bits on Multiplier: 1.25
Game crashed at 20.73 WIN
Session Profit in bits: 2.25
Placed 3 bits on Multiplier: 1.25
Game crashed at 1.71 WIN
Session Profit in bits: 3.00
Placed 1 bits on Multiplier: 1.25
Game crashed at 1.12 LOST
Session Profit in bits: 2.00
Placed 1 bits on Multiplier: 1.25
Game crashed at 81.46 WIN
Session Profit in bits: 2.25
Placed 2 bits on Multiplier: 1.25
Game crashed at 94.80 WIN
Session Profit in bits: 2.75
Placed 3 bits on Multiplier: 1.25
Game crashed at 1.39 WIN
Session Profit in bits: 3.50
Placed 1 bits on Multiplier: 1.25
Game crashed at 1.35 WIN
Session Profit in bits: 3.75
Placed 1 bits on Multiplier: 1.25
Game crashed at 2.69 WIN
Session Profit in bits: 4.00
Placed 1 bits on Multiplier: 1.25
Game crashed at 1.19 LOST
Session Profit in bits: 3.00
Placed 1 bits on Multiplier: 1.25
Game crashed at 1.42 WIN
Session Profit in bits: 3.25
Disconnected from Web server | transport error | string
Placed 2 bits on Multiplier: 1.25
Connected to WebServer
Game crashed at 1.89 WIN
Session Profit in bits: 3.75
Placed 3 bits on Multiplier: 1.25
Game crashed at 1.42 WIN
Session Profit in bits: 4.50
Placed 1 bits on Multiplier: 1.25
Game crashed at 1.99 WIN
Session Profit in bits: 4.75
Placed 1 bits on Multiplier: 1.25
Game crashed at 1.16 LOST
Session Profit in bits: 3.75
Placed 1 bits on Multiplier: 1.25
Game crashed at 1.80 WIN
Session Profit in bits: 4.00
Placed 2 bits on Multiplier: 1.25
Game crashed at 3.01 WIN
Session Profit in bits: 4.50
Placed 3 bits on Multiplier: 1.25
Game crashed at 7.64 WIN
Session Profit in bits: 5.25
Placed 1 bits on Multiplier: 1.25
Game crashed at 18.88 WIN
Session Profit in bits: 5.50
Placed 1 bits on Multiplier: 1.25
Game crashed at 1.04 LOST
Session Profit in bits: 4.50
Placed 1 bits on Multiplier: 1.25
Game crashed at 2.62 WIN
Session Profit in bits: 4.75
Placed 2 bits on Multiplier: 1.25
Game crashed at 25.34 WIN
Session Profit in bits: 5.25
Placed 3 bits on Multiplier: 1.25
Game crashed at 1.63 WIN
Session Profit in bits: 6.00
Placed 1 bits on Multiplier: 1.25
Game crashed at 2.36 WIN
Session Profit in bits: 6.25
Placed 1 bits on Multiplier: 1.25
Game crashed at 2.47 WIN
Session Profit in bits: 6.50
Placed 1 bits on Multiplier: 1.25
Disconnected from Web server | transport error | string
Connected to WebServer
Game crashed at 1.16 LOST
Session Profit in bits: 5.50
Placed 1 bits on Multiplier: 1.25
Game crashed at 1.03 LOST
Session Profit in bits: 4.50
[Bot] We are on a Loss Streak... Cooling down..
[Bot] Secured your stake for another 1 games
[Bot] Secured your stake for another 0 games
Placed 1 bits on Multiplier: 1.25
Game crashed at 8.25 WIN
Session Profit in bits: 4.75
Placed 2 bits on Multiplier: 1.25
Game crashed at 1.26 WIN
Session Profit in bits: 5.25
Placed 3 bits on Multiplier: 1.25
Game crashed at 1.20 LOST
Session Profit in bits: 2.25
Placed 3 bits on Multiplier: 1.25
Game crashed at 1.10 LOST
Session Profit in bits: -0.75
[Bot] We are on a Loss Streak... Cooling down..
[Bot] Secured your stake for another 1 games
[Bot] Secured your stake for another 0 games
Placed 3 bits on Multiplier: 1.25
Game crashed at 1.11 LOST
Session Profit in bits: -3.75
Placed 3 bits on Multiplier: 1.25
Game crashed at 2.87 WIN
Session Profit in bits: -3.00
Placed 4 bits on Multiplier: 1.25
Game crashed at 1.61 WIN
Session Profit in bits: -2.00
Placed 5 bits on Multiplier: 1.25
Game crashed at 2.41 WIN
Session Profit in bits: -0.75
Placed 6 bits on Multiplier: 1.25
Game crashed at 13.22 WIN
Session Profit in bits: 0.75
Placed 7 bits on Multiplier: 1.25
Game crashed at 3.98 WIN
Session Profit in bits: 2.50
Placed 8 bits on Multiplier: 1.25
Game crashed at 5.12 WIN
Session Profit in bits: 4.50
Placed 9 bits on Multiplier: 1.25
Game crashed at 1.40 WIN
Session Profit in bits: 6.75
Placed 1 bits on Multiplier: 1.25
Game crashed at 1.57 WIN
Session Profit in bits: 7.00
Placed 1 bits on Multiplier: 1.25
Game crashed at 1.01 LOST
Session Profit in bits: 6.00
Placed 1 bits on Multiplier: 1.25
Game crashed at 8.00 WIN
Session Profit in bits: 6.25
Placed 2 bits on Multiplier: 1.25
Game crashed at 3.95 WIN
Session Profit in bits: 6.75
Placed 3 bits on Multiplier: 1.25
Game crashed at 1.65 WIN
Session Profit in bits: 7.50
Placed 1 bits on Multiplier: 1.25
Game crashed at 3.00 WIN
Session Profit in bits: 7.75
Placed 1 bits on Multiplier: 1.25
Game crashed at 7.68 WIN
Session Profit in bits: 8.00
Placed 1 bits on Multiplier: 1.25
Game crashed at 2.11 WIN
Session Profit in bits: 8.25
Placed 1 bits on Multiplier: 1.25
Game crashed at 1.65 WIN
Session Profit in bits: 8.50
Placed 1 bits on Multiplier: 1.25
Game crashed at 0.00 LOST
Session Profit in bits: 7.50
Placed 1 bits on Multiplier: 1.25
Game crashed at 313.28 WIN
Session Profit in bits: 7.75
Placed 2 bits on Multiplier: 1.25
Game crashed at 9.68 WIN
Session Profit in bits: 8.25
Placed 3 bits on Multiplier: 1.25
Game crashed at 23.27 WIN
Session Profit in bits: 9.00
Placed 1 bits on Multiplier: 1.25
Game crashed at 1.73 WIN
Session Profit in bits: 9.25
Placed 1 bits on Multiplier: 1.25
Game crashed at 4.55 WIN
Session Profit in bits: 9.50
Placed 1 bits on Multiplier: 1.25
Game crashed at 3.48 WIN
Session Profit in bits: 9.75
Placed 1 bits on Multiplier: 1.25
Game crashed at 1.13 LOST
Session Profit in bits: 8.75
Placed 1 bits on Multiplier: 1.25
Game crashed at 12.26 WIN
Session Profit in bits: 9.00
Placed 2 bits on Multiplier: 1.25
Game crashed at 1.33 WIN
Session Profit in bits: 9.50
Placed 3 bits on Multiplier: 1.25
Game crashed at 2.07 WIN
Session Profit in bits: 10.25
Placed 1 bits on Multiplier: 1.25
Game crashed at 1.87 WIN
Session Profit in bits: 10.50
Placed 1 bits on Multiplier: 1.25
Game crashed at 36.56 WIN
Session Profit in bits: 10.75
Placed 1 bits on Multiplier: 1.25
Game crashed at 8.68 WIN
Session Profit in bits: 11.00
Placed 1 bits on Multiplier: 1.25
Game crashed at 1.19 LOST
Session Profit in bits: 10.00
Placed 1 bits on Multiplier: 1.25
Game crashed at 1.47 WIN
Session Profit in bits: 10.25
Placed 2 bits on Multiplier: 1.25
Game crashed at 1.47 WIN
Session Profit in bits: 10.75
Placed 3 bits on Multiplier: 1.25
Game crashed at 1.91 WIN
Session Profit in bits: 11.50
Placed 1 bits on Multiplier: 1.25
Game crashed at 1.49 WIN
Session Profit in bits: 11.75
Placed 1 bits on Multiplier: 1.25
Game crashed at 11.40 WIN
Session Profit in bits: 12.00
Placed 1 bits on Multiplier: 1.25
Game crashed at 1.02 LOST
Session Profit in bits: 11.00
Placed 1 bits on Multiplier: 1.25
Game crashed at 1.36 WIN
Session Profit in bits: 11.25
Placed 2 bits on Multiplier: 1.25
Game crashed at 1.28 WIN
Session Profit in bits: 11.75
Placed 3 bits on Multiplier: 1.25
Game crashed at 1.86 WIN
Session Profit in bits: 12.50
Placed 1 bits on Multiplier: 1.25
Game crashed at 4.94 WIN
Session Profit in bits: 12.75
Placed 1 bits on Multiplier: 1.25
Game crashed at 1.18 LOST
Session Profit in bits: 11.75
Placed 1 bits on Multiplier: 1.25
Game crashed at 1.76 WIN
Session Profit in bits: 12.00
Placed 2 bits on Multiplier: 1.25
Game crashed at 7.80 WIN
Session Profit in bits: 12.50
Placed 3 bits on Multiplier: 1.25
Game crashed at 20.26 WIN
Session Profit in bits: 13.25
Placed 1 bits on Multiplier: 1.25
Game crashed at 6.13 WIN
Session Profit in bits: 13.50
Placed 1 bits on Multiplier: 1.25
Game crashed at 1.30 WIN
Session Profit in bits: 13.75
Placed 1 bits on Multiplier: 1.25
Game crashed at 1.15 LOST
Session Profit in bits: 12.75
Placed 1 bits on Multiplier: 1.25
Game crashed at 1.48 WIN
Session Profit in bits: 13.00
Placed 2 bits on Multiplier: 1.25
Game crashed at 1.68 WIN
Session Profit in bits: 13.50
Placed 3 bits on Multiplier: 1.25
Game crashed at 1.01 LOST
Session Profit in bits: 10.50
Placed 3 bits on Multiplier: 1.25
Game crashed at 5.35 WIN
Session Profit in bits: 11.25
Placed 4 bits on Multiplier: 1.25
Game crashed at 4.25 WIN
Session Profit in bits: 12.25
Placed 5 bits on Multiplier: 1.25
Game crashed at 1.44 WIN
Session Profit in bits: 13.50
Placed 6 bits on Multiplier: 1.25
Game crashed at 1.59 WIN
Session Profit in bits: 15.00
Placed 1 bits on Multiplier: 1.25
Game crashed at 1.57 WIN
Session Profit in bits: 15.25
Placed 1 bits on Multiplier: 1.25
Game crashed at 10.24 WIN
Session Profit in bits: 15.50
Placed 1 bits on Multiplier: 1.25
Game crashed at 1.31 WIN
Session Profit in bits: 15.75
Placed 1 bits on Multiplier: 1.25
Game crashed at 1.01 LOST
Session Profit in bits: 14.75
Placed 1 bits on Multiplier: 1.25
Game crashed at 2.11 WIN
Session Profit in bits: 15.00
Placed 2 bits on Multiplier: 1.25
Game crashed at 1.92 WIN
Session Profit in bits: 15.50
Placed 3 bits on Multiplier: 1.25
Game crashed at 1.62 WIN
Session Profit in bits: 16.25
Placed 1 bits on Multiplier: 1.25
Game crashed at 1.33 WIN
Session Profit in bits: 16.50
Placed 1 bits on Multiplier: 1.25
Game crashed at 33.41 WIN
Session Profit in bits: 16.75
Placed 1 bits on Multiplier: 1.25
Game crashed at 300.30 WIN
Session Profit in bits: 17.00
Placed 1 bits on Multiplier: 1.25
Game crashed at 73.00 WIN
Session Profit in bits: 17.25
Placed 1 bits on Multiplier: 1.25
Game crashed at 2.45 WIN
Session Profit in bits: 17.50
Placed 1 bits on Multiplier: 1.25
Game crashed at 5.24 WIN
Session Profit in bits: 17.75
Placed 1 bits on Multiplier: 1.25
Game crashed at 1.70 WIN
Session Profit in bits: 18.00
Placed 1 bits on Multiplier: 1.25
Game crashed at 7.00 WIN
Session Profit in bits: 18.25
Placed 1 bits on Multiplier: 1.25
Game crashed at 2.40 WIN
Session Profit in bits: 18.50
Placed 1 bits on Multiplier: 1.25
Game crashed at 3.45 WIN
Session Profit in bits: 18.75
Placed 1 bits on Multiplier: 1.25
Game crashed at 839.55 WIN
Session Profit in bits: 19.00
Placed 1 bits on Multiplier: 1.25
Game crashed at 1.08 LOST
Session Profit in bits: 18.00
Placed 1 bits on Multiplier: 1.25
Game crashed at 1.00 LOST
Session Profit in bits: 17.00
[Bot] We are on a Loss Streak... Cooling down..
[Bot] Secured your stake for another 1 games
[Bot] Secured your stake for another 0 games
Placed 1 bits on Multiplier: 1.25
Game crashed at 1.36 WIN
Session Profit in bits: 17.25
Placed 2 bits on Multiplier: 1.25
Game crashed at 1.05 LOST
Session Profit in bits: 15.25
Placed 2 bits on Multiplier: 1.25
Game crashed at 31.64 WIN
Session Profit in bits: 15.75
Placed 3 bits on Multiplier: 1.25
Game crashed at 3.00 WIN
Session Profit in bits: 16.50
Placed 4 bits on Multiplier: 1.25
Game crashed at 4.65 WIN
Session Profit in bits: 17.50
Placed 5 bits on Multiplier: 1.25
Game crashed at 2.84 WIN
Session Profit in bits: 18.75
Placed 6 bits on Multiplier: 1.25
Game crashed at 2.81 WIN
Session Profit in bits: 20.25
Placed 1 bits on Multiplier: 1.25
Game crashed at 3.12 WIN
Session Profit in bits: 20.50
Placed 1 bits on Multiplier: 1.25
Game crashed at 26.19 WIN
Session Profit in bits: 20.75
Placed 1 bits on Multiplier: 1.25
Game crashed at 84.69 WIN
Session Profit in bits: 21.00
Placed 1 bits on Multiplier: 1.25
Game crashed at 1.16 LOST
Session Profit in bits: 20.00
Placed 1 bits on Multiplier: 1.25
Game crashed at 3.95 WIN
Session Profit in bits: 20.25
Placed 2 bits on Multiplier: 1.25
Game crashed at 13.86 WIN
Session Profit in bits: 20.75
Placed 3 bits on Multiplier: 1.25
Game crashed at 1.44 WIN
Session Profit in bits: 21.50
Placed 1 bits on Multiplier: 1.25
Game crashed at 1.20 LOST
Session Profit in bits: 20.50
Placed 1 bits on Multiplier: 1.25
Game crashed at 7.11 WIN
Session Profit in bits: 20.75
Placed 2 bits on Multiplier: 1.25
Game crashed at 1.94 WIN
Session Profit in bits: 21.25
Placed 3 bits on Multiplier: 1.25
Game crashed at 2.14 WIN
Session Profit in bits: 22.00
Placed 1 bits on Multiplier: 1.25
Game crashed at 1.14 LOST
Session Profit in bits: 21.00
Placed 1 bits on Multiplier: 1.25
Game crashed at 2.19 WIN
Session Profit in bits: 21.25
Placed 2 bits on Multiplier: 1.25
Game crashed at 2.74 WIN
Session Profit in bits: 21.75
Placed 3 bits on Multiplier: 1.25
Game crashed at 3.00 WIN
Session Profit in bits: 22.50
Placed 1 bits on Multiplier: 1.25
Game crashed at 1.07 LOST
Session Profit in bits: 21.50
Placed 1 bits on Multiplier: 1.25
Game crashed at 1.01 LOST
Session Profit in bits: 20.50
[Bot] We are on a Loss Streak... Cooling down..
[Bot] Secured your stake for another 1 games
[Bot] Secured your stake for another 0 games
Placed 1 bits on Multiplier: 1.25
Game crashed at 1.44 WIN
Session Profit in bits: 20.75
Placed 2 bits on Multiplier: 1.25
Game crashed at 1.01 LOST
Session Profit in bits: 18.75
Placed 2 bits on Multiplier: 1.25
Game crashed at 2.13 WIN
Session Profit in bits: 19.25
Placed 3 bits on Multiplier: 1.25
Game crashed at 16.29 WIN
Session Profit in bits: 20.00
Disconnected from Web server | transport error | string
Placed 4 bits on Multiplier: 1.25
Connected to WebServer
Game crashed at 1.28 WIN
Session Profit in bits: 21.00
Placed 5 bits on Multiplier: 1.25
Game crashed at 2.27 WIN
Session Profit in bits: 22.25
Placed 6 bits on Multiplier: 1.25
Game crashed at 3.22 WIN
Session Profit in bits: 23.75
Placed 1 bits on Multiplier: 1.25
Game crashed at 1.52 WIN
Session Profit in bits: 24.00
Placed 1 bits on Multiplier: 1.25
Game crashed at 2.19 WIN
Session Profit in bits: 24.25
Placed 1 bits on Multiplier: 1.25
Game crashed at 1.45 WIN
Session Profit in bits: 24.50
Placed 1 bits on Multiplier: 1.25
Game crashed at 1.06 LOST
Session Profit in bits: 23.50
Placed 1 bits on Multiplier: 1.25
Game crashed at 1.77 WIN
Session Profit in bits: 23.75
Placed 2 bits on Multiplier: 1.25
Game crashed at 1.35 WIN
Session Profit in bits: 24.25
Placed 3 bits on Multiplier: 1.25
Game crashed at 5.39 WIN
Session Profit in bits: 25.00
Placed 1 bits on Multiplier: 1.25
Game crashed at 32.96 WIN
Session Profit in bits: 25.25
Placed 1 bits on Multiplier: 1.25
Game crashed at 1.35 WIN
Session Profit in bits: 25.50
Placed 1 bits on Multiplier: 1.25
Game crashed at 1.21 LOST
Session Profit in bits: 24.50
Placed 1 bits on Multiplier: 1.25
Game crashed at 16.24 WIN
Session Profit in bits: 24.75
Placed 2 bits on Multiplier: 1.25
Game crashed at 1.26 WIN
Session Profit in bits: 25.25
Placed 3 bits on Multiplier: 1.25
Game crashed at 1.30 WIN
Session Profit in bits: 26.00
Placed 1 bits on Multiplier: 1.25
Disconnected from Web server | transport error | string
Connected to WebServer
Game crashed at 3.73 WIN
Session Profit in bits: 26.25
Placed 1 bits on Multiplier: 1.25
Game crashed at 4.91 WIN
Session Profit in bits: 26.50
Placed 1 bits on Multiplier: 1.25
Game crashed at 26.35 WIN
Session Profit in bits: 26.75
Placed 1 bits on Multiplier: 1.25
Game crashed at 1.14 LOST
Session Profit in bits: 25.75
Placed 1 bits on Multiplier: 1.25
Game crashed at 1.17 LOST
Session Profit in bits: 24.75
[Bot] We are on a Loss Streak... Cooling down..
[Bot] Secured your stake for another 1 games
[Bot] Secured your stake for another 0 games
Disconnected from Web server | transport error | string
Connected to WebServer
Placed 1 bits on Multiplier: 1.25
Game crashed at 9.58 WIN
Session Profit in bits: 25.00
Placed 2 bits on Multiplier: 1.25
Game crashed at 37.49 WIN
Session Profit in bits: 25.50
Placed 3 bits on Multiplier: 1.25
Game crashed at 3.67 WIN
Session Profit in bits: 26.25
Placed 4 bits on Multiplier: 1.25
Game crashed at 9.26 WIN
Session Profit in bits: 27.25
Placed 1 bits on Multiplier: 1.25
Game crashed at 2.38 WIN
Session Profit in bits: 27.50
Placed 1 bits on Multiplier: 1.25
Game crashed at 2.58 WIN
Session Profit in bits: 27.75
Placed 1 bits on Multiplier: 1.25
Game crashed at 1.92 WIN
Session Profit in bits: 28.00
Placed 1 bits on Multiplier: 1.25
Game crashed at 3.43 WIN
Session Profit in bits: 28.25
Placed 1 bits on Multiplier: 1.25
Game crashed at 2.25 WIN
Session Profit in bits: 28.50
Placed 1 bits on Multiplier: 1.25
Game crashed at 1.16 LOST
Session Profit in bits: 27.50
Placed 1 bits on Multiplier: 1.25
Game crashed at 56.95 WIN
Session Profit in bits: 27.75
Placed 2 bits on Multiplier: 1.25
Game crashed at 2.83 WIN
Session Profit in bits: 28.25
Placed 3 bits on Multiplier: 1.25
Game crashed at 1.14 LOST
Session Profit in bits: 25.25
Placed 3 bits on Multiplier: 1.25
Game crashed at 1.23 LOST
Session Profit in bits: 22.25
[Bot] We are on a Loss Streak... Cooling down..
[Bot] Secured your stake for another 1 games
[Bot] Secured your stake for another 0 games
Placed 3 bits on Multiplier: 1.25
Game crashed at 1.46 WIN
Session Profit in bits: 23.00
Placed 4 bits on Multiplier: 1.25
Game crashed at 1.57 WIN
Session Profit in bits: 24.00
Placed 5 bits on Multiplier: 1.25
Game crashed at 17.35 WIN
Session Profit in bits: 25.25
Placed 6 bits on Multiplier: 1.25
Game crashed at 1.08 LOST
Session Profit in bits: 19.25
Placed 6 bits on Multiplier: 1.25
Game crashed at 3.21 WIN
Session Profit in bits: 20.75
Placed 7 bits on Multiplier: 1.25
Game crashed at 1.36 WIN
Session Profit in bits: 22.50
Placed 8 bits on Multiplier: 1.25
Game crashed at 3.78 WIN
Session Profit in bits: 24.50
Placed 9 bits on Multiplier: 1.25
Game crashed at 2.09 WIN
Session Profit in bits: 26.75
Placed 10 bits on Multiplier: 1.25
Game crashed at 1.04 LOST
Session Profit in bits: 16.75
Placed 10 bits on Multiplier: 1.25
Game crashed at 57.58 WIN
Session Profit in bits: 19.25
Placed 11 bits on Multiplier: 1.25
Game crashed at 3.29 WIN
Session Profit in bits: 22.00
Placed 12 bits on Multiplier: 1.25
Game crashed at 1.89 WIN
Session Profit in bits: 25.00
Placed 13 bits on Multiplier: 1.25
Game crashed at 3.11 WIN
Session Profit in bits: 28.25
Placed 14 bits on Multiplier: 1.25
Game crashed at 1.82 WIN
Session Profit in bits: 31.75
Placed 1 bits on Multiplier: 1.25
Game crashed at 2.89 WIN
Session Profit in bits: 32.00
Placed 1 bits on Multiplier: 1.25
Game crashed at 2.29 WIN
Session Profit in bits: 32.25
Placed 1 bits on Multiplier: 1.25
Game crashed at 1.74 WIN
Session Profit in bits: 32.50
Disconnected from Web server | transport error | string
Placed 1 bits on Multiplier: 1.25
Connected to WebServer
Game crashed at 1.44 WIN
Session Profit in bits: 32.75
Placed 1 bits on Multiplier: 1.25
Game crashed at 6.66 WIN
Session Profit in bits: 33.00
Placed 1 bits on Multiplier: 1.25
Game crashed at 11.75 WIN
Session Profit in bits: 33.25
Placed 1 bits on Multiplier: 1.25
Game crashed at 2.30 WIN
Session Profit in bits: 33.50
Placed 1 bits on Multiplier: 1.25
Game crashed at 3.98 WIN
Session Profit in bits: 33.75
Placed 1 bits on Multiplier: 1.25
Game crashed at 1.21 LOST
Session Profit in bits: 32.75
Placed 1 bits on Multiplier: 1.25
Game crashed at 2.12 WIN
Session Profit in bits: 33.00
Placed 2 bits on Multiplier: 1.25
Game crashed at 2.68 WIN
Session Profit in bits: 33.50
Placed 3 bits on Multiplier: 1.25
Game crashed at 6.21 WIN
Session Profit in bits: 34.25
Placed 1 bits on Multiplier: 1.25
Game crashed at 1.77 WIN
Session Profit in bits: 34.50
Placed 1 bits on Multiplier: 1.25
Game crashed at 8.51 WIN
Session Profit in bits: 34.75
Placed 1 bits on Multiplier: 1.25
Game crashed at 6.81 WIN
Session Profit in bits: 35.00
Placed 1 bits on Multiplier: 1.25
Game crashed at 1.55 WIN
Session Profit in bits: 35.25
Placed 1 bits on Multiplier: 1.25
Game crashed at 1.49 WIN
Session Profit in bits: 35.50
Placed 1 bits on Multiplier: 1.25
Game crashed at 10.91 WIN
Session Profit in bits: 35.75
Placed 1 bits on Multiplier: 1.25
Game crashed at 2.62 WIN
Session Profit in bits: 36.00
Placed 1 bits on Multiplier: 1.25
Game crashed at 1.76 WIN
Session Profit in bits: 36.25
Placed 1 bits on Multiplier: 1.25
Game crashed at 1.79 WIN
Session Profit in bits: 36.50
Placed 1 bits on Multiplier: 1.25
Game crashed at 4.26 WIN
Session Profit in bits: 36.75
Placed 1 bits on Multiplier: 1.25
Game crashed at 1.04 LOST
Session Profit in bits: 35.75
Placed 1 bits on Multiplier: 1.25
Game crashed at 2.21 WIN
Session Profit in bits: 36.00
Placed 2 bits on Multiplier: 1.25
Game crashed at 4.85 WIN
Session Profit in bits: 36.50
Placed 3 bits on Multiplier: 1.25
Game crashed at 3.31 WIN
Session Profit in bits: 37.25
Placed 1 bits on Multiplier: 1.25
Game crashed at 1.65 WIN
Session Profit in bits: 37.50
Placed 1 bits on Multiplier: 1.25
Game crashed at 3.94 WIN
Session Profit in bits: 37.75
Placed 1 bits on Multiplier: 1.25
Game crashed at 3.01 WIN
Session Profit in bits: 38.00
Placed 1 bits on Multiplier: 1.25
Game crashed at 3.06 WIN
Session Profit in bits: 38.25
Placed 1 bits on Multiplier: 1.25
Game crashed at 1.78 WIN
Session Profit in bits: 38.50
Placed 1 bits on Multiplier: 1.25
Game crashed at 3.52 WIN
Session Profit in bits: 38.75
Placed 1 bits on Multiplier: 1.25
Game crashed at 2.31 WIN
Session Profit in bits: 39.00
Placed 1 bits on Multiplier: 1.25
Game crashed at 1.87 WIN
Session Profit in bits: 39.25
Placed 1 bits on Multiplier: 1.25
Game crashed at 1.55 WIN
Session Profit in bits: 39.50
Placed 1 bits on Multiplier: 1.25
Game crashed at 2.39 WIN
Session Profit in bits: 39.75
Placed 1 bits on Multiplier: 1.25
Game crashed at 3.39 WIN
Session Profit in bits: 40.00
Placed 1 bits on Multiplier: 1.25
Game crashed at 2.85 WIN
Session Profit in bits: 40.25
Placed 1 bits on Multiplier: 1.25
Game crashed at 4.80 WIN
Session Profit in bits: 40.50
Placed 1 bits on Multiplier: 1.25
Game crashed at 8.11 WIN
Session Profit in bits: 40.75
Placed 1 bits on Multiplier: 1.25
Game crashed at 1.62 WIN
Session Profit in bits: 41.00
Placed 1 bits on Multiplier: 1.25
Game crashed at 4.24 WIN
Session Profit in bits: 41.25
Placed 1 bits on Multiplier: 1.25
Game crashed at 1.27 WIN
Session Profit in bits: 41.50
Placed 1 bits on Multiplier: 1.25
Game crashed at 4.16 WIN
Session Profit in bits: 41.75
Placed 1 bits on Multiplier: 1.25
Game crashed at 1.57 WIN
Session Profit in bits: 42.00
Placed 1 bits on Multiplier: 1.25
Game crashed at 1.45 WIN
Session Profit in bits: 42.25
Placed 1 bits on Multiplier: 1.25
Game crashed at 1.28 WIN
Session Profit in bits: 42.50
Placed 1 bits on Multiplier: 1.25
Game crashed at 9.78 WIN
Session Profit in bits: 42.75
Placed 1 bits on Multiplier: 1.25
Game crashed at 56.01 WIN
Session Profit in bits: 43.00
Placed 1 bits on Multiplier: 1.25
Game crashed at 237.40 WIN
Session Profit in bits: 43.25
Placed 1 bits on Multiplier: 1.25
Game crashed at 4.65 WIN
Session Profit in bits: 43.50
Placed 1 bits on Multiplier: 1.25
Game crashed at 2.42 WIN
Session Profit in bits: 43.75
Placed 1 bits on Multiplier: 1.25
Game crashed at 9.89 WIN
Session Profit in bits: 44.00
Placed 1 bits on Multiplier: 1.25
Game crashed at 3.43 WIN
Session Profit in bits: 44.25
Placed 1 bits on Multiplier: 1.25
Game crashed at 16.66 WIN
Session Profit in bits: 44.50
Placed 1 bits on Multiplier: 1.25
Game crashed at 2.49 WIN
Session Profit in bits: 44.75
Placed 1 bits on Multiplier: 1.25
Game crashed at 1.23 LOST
Session Profit in bits: 43.75
Placed 1 bits on Multiplier: 1.25
Game crashed at 1.80 WIN
Session Profit in bits: 44.00
Placed 2 bits on Multiplier: 1.25
Game crashed at 1.22 LOST
Session Profit in bits: 42.00
Placed 2 bits on Multiplier: 1.25
Game crashed at 2.74 WIN
Session Profit in bits: 42.50
Placed 3 bits on Multiplier: 1.25
Game crashed at 2.55 WIN
Session Profit in bits: 43.25
Placed 4 bits on Multiplier: 1.25
Game crashed at 2.95 WIN
Session Profit in bits: 44.25
Placed 5 bits on Multiplier: 1.25
Game crashed at 1.92 WIN
Session Profit in bits: 45.50
Placed 1 bits on Multiplier: 1.25
Game crashed at 1095.70 WIN
Session Profit in bits: 45.75
Placed 1 bits on Multiplier: 1.25
Game crashed at 1.53 WIN
Session Profit in bits: 46.00
Placed 1 bits on Multiplier: 1.25
Game crashed at 1.08 LOST
Session Profit in bits: 45.00
Placed 1 bits on Multiplier: 1.25
Game crashed at 1.01 LOST
Session Profit in bits: 44.00
[Bot] We are on a Loss Streak... Cooling down..
[Bot] Secured your stake for another 1 games
[Bot] Secured your stake for another 0 games
Placed 1 bits on Multiplier: 1.25
Game crashed at 1.03 LOST
Session Profit in bits: 43.00
Placed 1 bits on Multiplier: 1.25
Game crashed at 5.48 WIN
Session Profit in bits: 43.25
Placed 2 bits on Multiplier: 1.25
Game crashed at 1.42 WIN
Session Profit in bits: 43.75
Placed 3 bits on Multiplier: 1.25
Game crashed at 2.37 WIN
Session Profit in bits: 44.50
Placed 4 bits on Multiplier: 1.25
Game crashed at 1.21 LOST
Session Profit in bits: 40.50
Placed 4 bits on Multiplier: 1.25
Game crashed at 2.47 WIN
Session Profit in bits: 41.50
Placed 5 bits on Multiplier: 1.25
Game crashed at 1.80 WIN
Session Profit in bits: 42.75
Placed 6 bits on Multiplier: 1.25
Game crashed at 3.01 WIN
Session Profit in bits: 44.25
Placed 7 bits on Multiplier: 1.25
Game crashed at 2.44 WIN
Session Profit in bits: 46.00
Placed 1 bits on Multiplier: 1.25
Game crashed at 2.03 WIN
Session Profit in bits: 46.25
Placed 1 bits on Multiplier: 1.25
Game crashed at 1.51 WIN
Session Profit in bits: 46.50
Placed 1 bits on Multiplier: 1.25
Game crashed at 1.16 LOST
Session Profit in bits: 45.50
Placed 1 bits on Multiplier: 1.25
Game crashed at 1.29 WIN
Session Profit in bits: 45.75
Placed 2 bits on Multiplier: 1.25
Game crashed at 141.88 WIN
Session Profit in bits: 46.25
Placed 3 bits on Multiplier: 1.25
Game crashed at 2.41 WIN
Session Profit in bits: 47.00
Placed 1 bits on Multiplier: 1.25
Game crashed at 1.33 WIN
Session Profit in bits: 47.25
Placed 1 bits on Multiplier: 1.25
Game crashed at 3.34 WIN
Session Profit in bits: 47.50
Placed 1 bits on Multiplier: 1.25
Game crashed at 2.76 WIN
Session Profit in bits: 47.75
Placed 1 bits on Multiplier: 1.25
Game crashed at 3.97 WIN
Session Profit in bits: 48.00
Placed 1 bits on Multiplier: 1.25
Game crashed at 2.49 WIN
Session Profit in bits: 48.25
Placed 1 bits on Multiplier: 1.25
Game crashed at 8.35 WIN
Session Profit in bits: 48.50
Placed 1 bits on Multiplier: 1.25
Game crashed at 1.09 LOST
Session Profit in bits: 47.50
Placed 1 bits on Multiplier: 1.25
Game crashed at 42.96 WIN
Session Profit in bits: 47.75
Placed 2 bits on Multiplier: 1.25
Game crashed at 38.99 WIN
Session Profit in bits: 48.25
Placed 3 bits on Multiplier: 1.25
Game crashed at 4.60 WIN
Session Profit in bits: 49.00
Placed 1 bits on Multiplier: 1.25
Game crashed at 4.05 WIN
Session Profit in bits: 49.25
Placed 1 bits on Multiplier: 1.25
Game crashed at 2.20 WIN
Session Profit in bits: 49.50
Placed 1 bits on Multiplier: 1.25
Game crashed at 11.01 WIN
Session Profit in bits: 49.75
Placed 1 bits on Multiplier: 1.25
Game crashed at 3.65 WIN
Session Profit in bits: 50.00
Placed 1 bits on Multiplier: 1.25
Game crashed at 2.19 WIN
Session Profit in bits: 50.25
Placed 1 bits on Multiplier: 1.25
Game crashed at 1.25 WIN
Session Profit in bits: 50.50
Placed 1 bits on Multiplier: 1.25
Game crashed at 2.50 WIN
Session Profit in bits: 50.75
Placed 1 bits on Multiplier: 1.25
Game crashed at 1.00 LOST
Session Profit in bits: 49.75
Placed 1 bits on Multiplier: 1.25
Game crashed at 1.10 LOST
Session Profit in bits: 48.75
[Bot] We are on a Loss Streak... Cooling down..
[Bot] Secured your stake for another 1 games
[Bot] Secured your stake for another 0 games
Placed 1 bits on Multiplier: 1.25
Game crashed at 3.46 WIN
Session Profit in bits: 49.00
Placed 2 bits on Multiplier: 1.25
Game crashed at 1.03 LOST
Session Profit in bits: 47.00
Placed 2 bits on Multiplier: 1.25
Game crashed at 3.67 WIN
Session Profit in bits: 47.50
Placed 3 bits on Multiplier: 1.25
Game crashed at 1.04 LOST
Session Profit in bits: 44.50
Placed 3 bits on Multiplier: 1.25
Game crashed at 1.49 WIN
Session Profit in bits: 45.25
Placed 4 bits on Multiplier: 1.25
Game crashed at 1.94 WIN
Session Profit in bits: 46.25
Placed 5 bits on Multiplier: 1.25
Disconnected from Web server | transport error | string
Game crashed at 1.88 WIN
Session Profit in bits: 47.50
Connected to WebServer
Placed 6 bits on Multiplier: 1.25
Game crashed at 1.09 LOST
Session Profit in bits: 41.50
Placed 6 bits on Multiplier: 1.25
Game crashed at 1.35 WIN
Session Profit in bits: 43.00
Placed 7 bits on Multiplier: 1.25
Game crashed at 2.53 WIN
Session Profit in bits: 44.75
Placed 8 bits on Multiplier: 1.25
Game crashed at 2.32 WIN
Session Profit in bits: 46.75
Placed 9 bits on Multiplier: 1.25
Game crashed at 3.87 WIN
Session Profit in bits: 49.00
Placed 10 bits on Multiplier: 1.25
Game crashed at 2.09 WIN
Session Profit in bits: 51.50
Placed 1 bits on Multiplier: 1.25
Game crashed at 4.70 WIN
Session Profit in bits: 51.75
Placed 1 bits on Multiplier: 1.25
Game crashed at 1.05 LOST
Session Profit in bits: 50.75
Placed 1 bits on Multiplier: 1.25
Game crashed at 33.08 WIN
Session Profit in bits: 51.00
Placed 2 bits on Multiplier: 1.25
Game crashed at 27.65 WIN
Session Profit in bits: 51.50
Placed 3 bits on Multiplier: 1.25
Game crashed at 2.21 WIN
Session Profit in bits: 52.25
Placed 1 bits on Multiplier: 1.25
Game crashed at 4.47 WIN
Session Profit in bits: 52.50
Placed 1 bits on Multiplier: 1.25
Game crashed at 1.06 LOST
Session Profit in bits: 51.50
Placed 1 bits on Multiplier: 1.25
Game crashed at 1.14 LOST
Session Profit in bits: 50.50
[Bot] We are on a Loss Streak... Cooling down..
[Bot] Secured your stake for another 1 games
[Bot] Secured your stake for another 0 games
Placed 1 bits on Multiplier: 1.25
Game crashed at 1.50 WIN
Session Profit in bits: 50.75
Placed 2 bits on Multiplier: 1.25
Game crashed at 2.23 WIN
Session Profit in bits: 51.25
Placed 3 bits on Multiplier: 1.25
Game crashed at 3.42 WIN
Session Profit in bits: 52.00
Placed 4 bits on Multiplier: 1.25
Game crashed at 1.31 WIN
Session Profit in bits: 53.00
Placed 1 bits on Multiplier: 1.25
Game crashed at 4.75 WIN
Session Profit in bits: 53.25
Placed 1 bits on Multiplier: 1.25
Game crashed at 1.83 WIN
Session Profit in bits: 53.50
Placed 1 bits on Multiplier: 1.25
Game crashed at 1.13 LOST
Session Profit in bits: 52.50
Placed 1 bits on Multiplier: 1.25
Game crashed at 1.06 LOST
Session Profit in bits: 51.50
[Bot] We are on a Loss Streak... Cooling down..
[Bot] Secured your stake for another 1 games
[Bot] Secured your stake for another 0 games
Placed 1 bits on Multiplier: 1.25
Game crashed at 1.83 WIN
Session Profit in bits: 51.75
Placed 2 bits on Multiplier: 1.25
Game crashed at 1.56 WIN
Session Profit in bits: 52.25
Placed 3 bits on Multiplier: 1.25
Game crashed at 2.96 WIN
Session Profit in bits: 53.00
Placed 4 bits on Multiplier: 1.25
Game crashed at 8.22 WIN
Session Profit in bits: 54.00
Placed 1 bits on Multiplier: 1.25
Game crashed at 1.07 LOST
Session Profit in bits: 53.00
Placed 1 bits on Multiplier: 1.25
Game crashed at 1.20 LOST
Session Profit in bits: 52.00
[Bot] We are on a Loss Streak... Cooling down..
[Bot] Secured your stake for another 1 games
[Bot] Secured your stake for another 0 games
Placed 1 bits on Multiplier: 1.25
Game crashed at 1.66 WIN
Session Profit in bits: 52.25
Placed 2 bits on Multiplier: 1.25
Game crashed at 1.94 WIN
Session Profit in bits: 52.75
Placed 3 bits on Multiplier: 1.25
Game crashed at 1.81 WIN
Session Profit in bits: 53.50
Placed 4 bits on Multiplier: 1.25
Game crashed at 1.98 WIN
Session Profit in bits: 54.50
Placed 1 bits on Multiplier: 1.25
Game crashed at 1.57 WIN
Session Profit in bits: 54.75
Placed 1 bits on Multiplier: 1.25
Game crashed at 1.22 LOST
Session Profit in bits: 53.75
Placed 1 bits on Multiplier: 1.25
Game crashed at 6.05 WIN
Session Profit in bits: 54.00
Placed 2 bits on Multiplier: 1.25
Game crashed at 2.64 WIN
Session Profit in bits: 54.50
Placed 3 bits on Multiplier: 1.25
Game crashed at 2.47 WIN
Session Profit in bits: 55.25
Placed 1 bits on Multiplier: 1.25
Game crashed at 1.28 WIN
Session Profit in bits: 55.50
Placed 1 bits on Multiplier: 1.25
Game crashed at 1.02 LOST
Session Profit in bits: 54.50
Placed 1 bits on Multiplier: 1.25
Game crashed at 1.59 WIN
Session Profit in bits: 54.75
Placed 2 bits on Multiplier: 1.25
Game crashed at 1.35 WIN
Session Profit in bits: 55.25
Placed 3 bits on Multiplier: 1.25
Game crashed at 10.51 WIN
Session Profit in bits: 56.00
Placed 1 bits on Multiplier: 1.25
Game crashed at 1.99 WIN
Session Profit in bits: 56.25
Placed 1 bits on Multiplier: 1.25
Game crashed at 2.03 WIN
Session Profit in bits: 56.50
Placed 1 bits on Multiplier: 1.25
Game crashed at 1.21 LOST
Session Profit in bits: 55.50
Placed 1 bits on Multiplier: 1.25
Game crashed at 1.79 WIN
Session Profit in bits: 55.75
Placed 2 bits on Multiplier: 1.25
Game crashed at 1.84 WIN
Session Profit in bits: 56.25
Placed 3 bits on Multiplier: 1.25
Game crashed at 2.69 WIN
Session Profit in bits: 57.00
Placed 1 bits on Multiplier: 1.25
Game crashed at 1.15 LOST
Session Profit in bits: 56.00
Placed 1 bits on Multiplier: 1.25
Game crashed at 1.44 WIN
Session Profit in bits: 56.25
Placed 2 bits on Multiplier: 1.25
Game crashed at 2.66 WIN
Session Profit in bits: 56.75
Placed 3 bits on Multiplier: 1.25
Game crashed at 1.15 LOST
Session Profit in bits: 53.75
Placed 3 bits on Multiplier: 1.25
Game crashed at 1.91 WIN
Session Profit in bits: 54.50
Placed 4 bits on Multiplier: 1.25
Game crashed at 7.26 WIN
Session Profit in bits: 55.50
Placed 5 bits on Multiplier: 1.25
Game crashed at 268.87 WIN
Session Profit in bits: 56.75
Placed 6 bits on Multiplier: 1.25
Game crashed at 1.16 LOST
Session Profit in bits: 50.75
Placed 6 bits on Multiplier: 1.25
Game crashed at 1.15 LOST
Session Profit in bits: 44.75
[Bot] We are on a Loss Streak... Cooling down..
[Bot] Secured your stake for another 1 games
[Bot] Secured your stake for another 0 games
Placed 6 bits on Multiplier: 1.25
Game crashed at 3.09 WIN
Session Profit in bits: 46.25
Placed 7 bits on Multiplier: 1.25
Game crashed at 1.45 WIN
Session Profit in bits: 48.00
Placed 8 bits on Multiplier: 1.25
Game crashed at 2.09 WIN
Session Profit in bits: 50.00
Placed 9 bits on Multiplier: 1.25
Game crashed at 1.44 WIN
Session Profit in bits: 52.25
Placed 10 bits on Multiplier: 1.25
Game crashed at 18.16 WIN
Session Profit in bits: 54.75
Placed 11 bits on Multiplier: 1.25
Game crashed at 1.78 WIN
Session Profit in bits: 57.50
Placed 1 bits on Multiplier: 1.25
Game crashed at 4.40 WIN
Session Profit in bits: 57.75
Placed 1 bits on Multiplier: 1.25
Game crashed at 10.48 WIN
Session Profit in bits: 58.00
Placed 1 bits on Multiplier: 1.25
Game crashed at 3.32 WIN
Session Profit in bits: 58.25
Placed 1 bits on Multiplier: 1.25
Game crashed at 2.45 WIN
Session Profit in bits: 58.50
Placed 1 bits on Multiplier: 1.25
Disconnected from Web server | transport error | string
Connected to WebServer
Game crashed at 39.73 WIN
Session Profit in bits: 58.75
Placed 1 bits on Multiplier: 1.25
Game crashed at 2.04 WIN
Session Profit in bits: 59.00
Placed 1 bits on Multiplier: 1.25
Game crashed at 9.90 WIN
Session Profit in bits: 59.25
Placed 1 bits on Multiplier: 1.25
Game crashed at 8.41 WIN
Session Profit in bits: 59.50
Placed 1 bits on Multiplier: 1.25
Game crashed at 1.49 WIN
Session Profit in bits: 59.75
Placed 1 bits on Multiplier: 1.25
Game crashed at 1.25 WIN
Session Profit in bits: 60.00
Placed 1 bits on Multiplier: 1.25
Game crashed at 34.64 WIN
Session Profit in bits: 60.25
Placed 1 bits on Multiplier: 1.25
Game crashed at 4.03 WIN
Session Profit in bits: 60.50
Placed 1 bits on Multiplier: 1.25
Game crashed at 1.04 LOST
Session Profit in bits: 59.50
Placed 1 bits on Multiplier: 1.25
Game crashed at 1.70 WIN
Session Profit in bits: 59.75
Placed 2 bits on Multiplier: 1.25
Game crashed at 25.40 WIN
Session Profit in bits: 60.25
Placed 3 bits on Multiplier: 1.25
Game crashed at 1.33 WIN
Session Profit in bits: 61.00
Placed 1 bits on Multiplier: 1.25
Game crashed at 2.21 WIN
Session Profit in bits: 61.25
Placed 1 bits on Multiplier: 1.25
Game crashed at 4.53 WIN
Session Profit in bits: 61.50
Placed 1 bits on Multiplier: 1.25
Game crashed at 3.98 WIN
Session Profit in bits: 61.75
Placed 1 bits on Multiplier: 1.25
Game crashed at 1.77 WIN
Session Profit in bits: 62.00
Placed 1 bits on Multiplier: 1.25
Game crashed at 25.62 WIN
Session Profit in bits: 62.25
Placed 1 bits on Multiplier: 1.25
Game crashed at 2.42 WIN
Session Profit in bits: 62.50
Placed 1 bits on Multiplier: 1.25
Game crashed at 5.11 WIN
Session Profit in bits: 62.75
Placed 1 bits on Multiplier: 1.25
Game crashed at 1.56 WIN
Session Profit in bits: 63.00
Placed 1 bits on Multiplier: 1.25
Game crashed at 1.69 WIN
Session Profit in bits: 63.25
Placed 1 bits on Multiplier: 1.25
Game crashed at 1.17 LOST
Session Profit in bits: 62.25
Placed 1 bits on Multiplier: 1.25
Game crashed at 30.78 WIN
Session Profit in bits: 62.50
Placed 2 bits on Multiplier: 1.25
Game crashed at 3.55 WIN
Session Profit in bits: 63.00
Placed 3 bits on Multiplier: 1.25
Game crashed at 4.39 WIN
Session Profit in bits: 63.75
Placed 1 bits on Multiplier: 1.25
Game crashed at 1.04 LOST
Session Profit in bits: 62.75
Placed 1 bits on Multiplier: 1.25
Game crashed at 3.15 WIN
Session Profit in bits: 63.00
Placed 2 bits on Multiplier: 1.25
Game crashed at 2.03 WIN
Session Profit in bits: 63.50
Placed 3 bits on Multiplier: 1.25
Game crashed at 1.08 LOST
Session Profit in bits: 60.50
Placed 3 bits on Multiplier: 1.25
Game crashed at 17.26 WIN
Session Profit in bits: 61.25
Placed 4 bits on Multiplier: 1.25
Game crashed at 0.00 LOST
Session Profit in bits: 57.25
Placed 4 bits on Multiplier: 1.25
Game crashed at 1.67 WIN
Session Profit in bits: 58.25
Placed 5 bits on Multiplier: 1.25
Game crashed at 2.64 WIN
Session Profit in bits: 59.50
Placed 6 bits on Multiplier: 1.25
Game crashed at 1.29 WIN
Session Profit in bits: 61.00
Placed 7 bits on Multiplier: 1.25
Game crashed at 2.00 WIN
Session Profit in bits: 62.75
Placed 8 bits on Multiplier: 1.25
Game crashed at 1.50 WIN
Session Profit in bits: 64.75
Placed 1 bits on Multiplier: 1.25
Game crashed at 4.92 WIN
Session Profit in bits: 65.00
Placed 1 bits on Multiplier: 1.25
Game crashed at 10.52 WIN
Session Profit in bits: 65.25
Placed 1 bits on Multiplier: 1.25
Game crashed at 4.31 WIN
Session Profit in bits: 65.50
Placed 1 bits on Multiplier: 1.25
Game crashed at 4.66 WIN
Session Profit in bits: 65.75
Placed 1 bits on Multiplier: 1.25
Game crashed at 1.17 LOST
Session Profit in bits: 64.75
Placed 1 bits on Multiplier: 1.25
Game crashed at 1.03 LOST
Session Profit in bits: 63.75
[Bot] We are on a Loss Streak... Cooling down..
[Bot] Secured your stake for another 1 games
[Bot] Secured your stake for another 0 games
Disconnected from Web server | transport error | string
Connected to WebServer
Placed 1 bits on Multiplier: 1.25
Game crashed at 1.52 WIN
Session Profit in bits: 64.00
Placed 2 bits on Multiplier: 1.25
Game crashed at 1.35 WIN
Session Profit in bits: 64.50
Placed 3 bits on Multiplier: 1.25
Game crashed at 3.91 WIN
Session Profit in bits: 65.25
Placed 4 bits on Multiplier: 1.25
Game crashed at 1.80 WIN
Session Profit in bits: 66.25
Placed 1 bits on Multiplier: 1.25
Game crashed at 1.70 WIN
Session Profit in bits: 66.50
Placed 1 bits on Multiplier: 1.25
Game crashed at 1.08 LOST
Session Profit in bits: 65.50
Placed 1 bits on Multiplier: 1.25
Game crashed at 1.91 WIN
Session Profit in bits: 65.75
Placed 2 bits on Multiplier: 1.25
Game crashed at 1.06 LOST
Session Profit in bits: 63.75
Placed 2 bits on Multiplier: 1.25
Game crashed at 10.19 WIN
Session Profit in bits: 64.25
Placed 3 bits on Multiplier: 1.25
Game crashed at 2.01 WIN
Session Profit in bits: 65.00
Placed 4 bits on Multiplier: 1.25
Game crashed at 1.07 LOST
Session Profit in bits: 61.00
Placed 4 bits on Multiplier: 1.25
Game crashed at 2.59 WIN
Session Profit in bits: 62.00
Placed 5 bits on Multiplier: 1.25
Game crashed at 16.20 WIN
Session Profit in bits: 63.25
Placed 6 bits on Multiplier: 1.25
Game crashed at 1.00 LOST
Session Profit in bits: 57.25
Placed 6 bits on Multiplier: 1.25
Game crashed at 1.28 WIN
Session Profit in bits: 58.75
Placed 7 bits on Multiplier: 1.25
Game crashed at 2.26 WIN
Session Profit in bits: 60.50
Placed 8 bits on Multiplier: 1.25
Game crashed at 1.27 WIN
Session Profit in bits: 62.50
Placed 9 bits on Multiplier: 1.25
Game crashed at 1.06 LOST
Session Profit in bits: 53.50
Placed 9 bits on Multiplier: 1.25
Game crashed at 2.48 WIN
Session Profit in bits: 55.75
Placed 10 bits on Multiplier: 1.25
Game crashed at 1.76 WIN
Session Profit in bits: 58.25
Placed 11 bits on Multiplier: 1.25
Game crashed at 1.04 LOST
Session Profit in bits: 47.25
Placed 11 bits on Multiplier: 1.25
Game crashed at 1.08 LOST
Session Profit in bits: 36.25
[Bot] We are on a Loss Streak... Cooling down..
[Bot] Secured your stake for another 1 games
[Bot] Secured your stake for another 0 games
Placed 11 bits on Multiplier: 1.25
Game crashed at 1.17 LOST
Session Profit in bits: 25.25
Placed 11 bits on Multiplier: 1.25
Game crashed at 5.48 WIN
Session Profit in bits: 28.00
Placed 12 bits on Multiplier: 1.25
Game crashed at 1.90 WIN
Session Profit in bits: 31.00
Placed 13 bits on Multiplier: 1.25
Game crashed at 8.81 WIN
Session Profit in bits: 34.25
Placed 14 bits on Multiplier: 1.25
Game crashed at 1.91 WIN
Session Profit in bits: 37.75
Placed 15 bits on Multiplier: 1.25
Disconnected from Web server | transport error | string
Connected to WebServer
Game crashed at 22.38 WIN
Session Profit in bits: 41.50
Placed 16 bits on Multiplier: 1.25
Game crashed at 1.91 WIN
Session Profit in bits: 45.50
Placed 17 bits on Multiplier: 1.25
Disconnected from Web server | transport error | string
Connected to WebServer
Game crashed at 6.81 WIN
Session Profit in bits: 49.75
Placed 18 bits on Multiplier: 1.25
Game crashed at 1.48 WIN
Session Profit in bits: 54.25
Placed 19 bits on Multiplier: 1.25
Game crashed at 2.24 WIN
Session Profit in bits: 59.00
Placed 20 bits on Multiplier: 1.25
Game crashed at 10.61 WIN
Session Profit in bits: 64.00
Placed 21 bits on Multiplier: 1.25
Game crashed at 1.43 WIN
Session Profit in bits: 69.25
Placed 1 bits on Multiplier: 1.25
Game crashed at 1.59 WIN
Session Profit in bits: 69.50
Placed 1 bits on Multiplier: 1.25
Game crashed at 1.48 WIN
Session Profit in bits: 69.75
Placed 1 bits on Multiplier: 1.25
Game crashed at 1.90 WIN
Session Profit in bits: 70.00
Placed 1 bits on Multiplier: 1.25
Game crashed at 1.30 WIN
Session Profit in bits: 70.25
Placed 1 bits on Multiplier: 1.25
Game crashed at 1.06 LOST
Session Profit in bits: 69.25
Placed 1 bits on Multiplier: 1.25
Game crashed at 11.13 WIN
Session Profit in bits: 69.50
Placed 2 bits on Multiplier: 1.25
Game crashed at 1.19 LOST
Session Profit in bits: 67.50
Placed 2 bits on Multiplier: 1.25
Game crashed at 1.06 LOST
Session Profit in bits: 65.50
[Bot] We are on a Loss Streak... Cooling down..
[Bot] Secured your stake for another 1 games
[Bot] Secured your stake for another 0 games
Placed 2 bits on Multiplier: 1.25
Game crashed at 1.34 WIN
Session Profit in bits: 66.00
Placed 3 bits on Multiplier: 1.25
Game crashed at 1.53 WIN
Session Profit in bits: 66.75
Placed 4 bits on Multiplier: 1.25
Game crashed at 10.80 WIN
Session Profit in bits: 67.75
Placed 5 bits on Multiplier: 1.25
Game crashed at 1.08 LOST
Session Profit in bits: 62.75
Placed 5 bits on Multiplier: 1.25
Game crashed at 1.00 LOST
Session Profit in bits: 57.75
[Bot] We are on a Loss Streak... Cooling down..
[Bot] Secured your stake for another 1 games
[Bot] Secured your stake for another 0 games
Placed 5 bits on Multiplier: 1.25
Game crashed at 8.01 WIN
Session Profit in bits: 59.00
Placed 6 bits on Multiplier: 1.25
Disconnected from Web server | transport error | string
Game crashed at 2.45 WIN
Session Profit in bits: 60.50
Connected to WebServer
Placed 7 bits on Multiplier: 1.25
Game crashed at 1.06 LOST
Session Profit in bits: 53.50
Placed 7 bits on Multiplier: 1.25
Game crashed at 1.31 WIN
Session Profit in bits: 55.25
Placed 8 bits on Multiplier: 1.25
Game crashed at 1.16 LOST
Session Profit in bits: 47.25
Placed 8 bits on Multiplier: 1.25
Game crashed at 2.11 WIN
Session Profit in bits: 49.25
Placed 9 bits on Multiplier: 1.25
Game crashed at 10.97 WIN
Session Profit in bits: 51.50
Placed 10 bits on Multiplier: 1.25
Game crashed at 2.15 WIN
Session Profit in bits: 54.00
Placed 11 bits on Multiplier: 1.25
Game crashed at 3.56 WIN
Session Profit in bits: 56.75
Placed 12 bits on Multiplier: 1.25
Game crashed at 1.00 LOST
Session Profit in bits: 44.75
Placed 12 bits on Multiplier: 1.25
Game crashed at 3.89 WIN
Session Profit in bits: 47.75
Placed 13 bits on Multiplier: 1.25
Game crashed at 1.26 WIN
Session Profit in bits: 51.00
Placed 14 bits on Multiplier: 1.25
Game crashed at 1.10 LOST
Session Profit in bits: 37.00
Placed 14 bits on Multiplier: 1.25
Game crashed at 1.57 WIN
Session Profit in bits: 40.50
Placed 15 bits on Multiplier: 1.25
Game crashed at 2.15 WIN
Session Profit in bits: 44.25
Placed 16 bits on Multiplier: 1.25
Game crashed at 31.69 WIN
Session Profit in bits: 48.25
Placed 17 bits on Multiplier: 1.25
Game crashed at 2.56 WIN
Session Profit in bits: 52.50
Placed 18 bits on Multiplier: 1.25
Game crashed at 18.27 WIN
Session Profit in bits: 57.00
Placed 19 bits on Multiplier: 1.25
Game crashed at 1.87 WIN
Session Profit in bits: 61.75
Placed 20 bits on Multiplier: 1.25
Game crashed at 1.45 WIN
Session Profit in bits: 66.75
Placed 21 bits on Multiplier: 1.25
Game crashed at 1.17 LOST
Session Profit in bits: 45.75
Placed 21 bits on Multiplier: 1.25
Game crashed at 1.22 LOST
Session Profit in bits: 24.75
[Bot] We are on a Loss Streak... Cooling down..
[Bot] Secured your stake for another 1 games
[Bot] Secured your stake for another 0 games
Placed 21 bits on Multiplier: 1.25
Game crashed at 1.65 WIN
Session Profit in bits: 30.00
Placed 22 bits on Multiplier: 1.25
Game crashed at 1.23 LOST
Session Profit in bits: 8.00
Placed 22 bits on Multiplier: 1.25
Game crashed at 12.03 WIN
Session Profit in bits: 13.50
Placed 23 bits on Multiplier: 1.25
Game crashed at 1.04 LOST
Session Profit in bits: -9.50
Placed 23 bits on Multiplier: 1.25
Game crashed at 8.30 WIN
Session Profit in bits: -3.75
Placed 24 bits on Multiplier: 1.25
Game crashed at 1.84 WIN
Session Profit in bits: 2.25
Placed 25 bits on Multiplier: 1.25
Game crashed at 1.02 LOST
Session Profit in bits: -22.75
Placed 25 bits on Multiplier: 1.25
Game crashed at 1.28 WIN
Session Profit in bits: -16.50
Placed 26 bits on Multiplier: 1.25
Game crashed at 19.73 WIN
Session Profit in bits: -10.00
Placed 27 bits on Multiplier: 1.25
Game crashed at 2.35 WIN
Session Profit in bits: -3.25
Placed 28 bits on Multiplier: 1.25
Game crashed at 1.03 LOST
Session Profit in bits: -31.25
Placed 28 bits on Multiplier: 1.25
Game crashed at 13.34 WIN
Session Profit in bits: -24.25
Placed 29 bits on Multiplier: 1.25
Disconnected from Web server | transport error | string
Connected to WebServer
Game crashed at 4.93 WIN
Session Profit in bits: -17.00
Placed 30 bits on Multiplier: 1.25
Game crashed at 1.22 LOST
Session Profit in bits: -47.00
Placed 30 bits on Multiplier: 1.25
Game crashed at 1.18 LOST
Session Profit in bits: -77.00
[Bot] We are on a Loss Streak... Cooling down..
[Bot] Secured your stake for another 1 games
[Bot] Secured your stake for another 0 games
Placed 30 bits on Multiplier: 1.25
Game crashed at 3.28 WIN
Session Profit in bits: -69.50
Placed 31 bits on Multiplier: 1.25
Game crashed at 2.14 WIN
Session Profit in bits: -61.75
Placed 32 bits on Multiplier: 1.25
Game crashed at 1.09 LOST
Session Profit in bits: -93.75
Placed 32 bits on Multiplier: 1.25
Game crashed at 1.53 WIN
Session Profit in bits: -85.75
Placed 33 bits on Multiplier: 1.25
Game crashed at 1.32 WIN
Session Profit in bits: -77.50
Placed 34 bits on Multiplier: 1.25
Game crashed at 1.06 LOST
Session Profit in bits: -111.50
Placed 34 bits on Multiplier: 1.25
Game crashed at 2.90 WIN
Session Profit in bits: -103.00
Placed 35 bits on Multiplier: 1.25
Disconnected from Web server | transport error | string
Connected to WebServer
Game crashed at 1.80 WIN
Session Profit in bits: -94.25
Placed 36 bits on Multiplier: 1.25
Game crashed at 2.35 WIN
Session Profit in bits: -85.25
Placed 37 bits on Multiplier: 1.25
Game crashed at 1.39 WIN
Session Profit in bits: -76.00
Placed 38 bits on Multiplier: 1.25
Game crashed at 3.27 WIN
Session Profit in bits: -66.50
Placed 39 bits on Multiplier: 1.25
Game crashed at 3.14 WIN
Session Profit in bits: -56.75
Placed 40 bits on Multiplier: 1.25
Game crashed at 1.06 LOST
Session Profit in bits: -96.75
Placed 40 bits on Multiplier: 1.25
Game crashed at 2.63 WIN
Session Profit in bits: -86.75
Placed 41 bits on Multiplier: 1.25
Game crashed at 1.79 WIN
Session Profit in bits: -76.50
Placed 42 bits on Multiplier: 1.25
Game crashed at 1.21 LOST
Session Profit in bits: -118.50
Placed 42 bits on Multiplier: 1.25
Game crashed at 1.82 WIN
Session Profit in bits: -108.00
Placed 43 bits on Multiplier: 1.25
Game crashed at 1.88 WIN
Session Profit in bits: -97.25
Placed 44 bits on Multiplier: 1.25
Game crashed at 1.40 WIN
Session Profit in bits: -86.25
Placed 45 bits on Multiplier: 1.25
Game crashed at 1.26 WIN
Session Profit in bits: -75.00
Placed 46 bits on Multiplier: 1.25
Game crashed at 1.32 WIN
Session Profit in bits: -63.50
Placed 47 bits on Multiplier: 1.25
Game crashed at 7.16 WIN
Session Profit in bits: -51.75
Placed 48 bits on Multiplier: 1.25
Game crashed at 28.69 WIN
Session Profit in bits: -39.75
Placed 49 bits on Multiplier: 1.25
Game crashed at 3.21 WIN
Session Profit in bits: -27.50
Placed 50 bits on Multiplier: 1.25
Game crashed at 2.82 WIN
Session Profit in bits: -15.00
Placed 51 bits on Multiplier: 1.25
Game crashed at 14.70 WIN
Session Profit in bits: -2.25
Placed 52 bits on Multiplier: 1.25
Game crashed at 11.30 WIN
Session Profit in bits: 10.75
Placed 53 bits on Multiplier: 1.25
Game crashed at 45.59 WIN
Session Profit in bits: 24.00
Placed 54 bits on Multiplier: 1.25
Game crashed at 1.05 LOST
Session Profit in bits: -30.00
Disconnected from Web server | transport error | string
Placed 54 bits on Multiplier: 1.25
Connected to WebServer
Game crashed at 1.36 WIN
Session Profit in bits: -16.50
Placed 55 bits on Multiplier: 1.25
Game crashed at 12.88 WIN
Session Profit in bits: -2.75
Placed 56 bits on Multiplier: 1.25
Game crashed at 3.51 WIN
Session Profit in bits: 11.25
Placed 57 bits on Multiplier: 1.25
Game crashed at 1.06 LOST
Session Profit in bits: -45.75
Placed 57 bits on Multiplier: 1.25
Game crashed at 1.17 LOST
Session Profit in bits: -102.75
[Bot] We are on a Loss Streak... Cooling down..
[Bot] Secured your stake for another 1 games
[Bot] Secured your stake for another 0 games
Placed 57 bits on Multiplier: 1.25
Game crashed at 3.45 WIN
Session Profit in bits: -88.50
Placed 58 bits on Multiplier: 1.25
Game crashed at 1.38 WIN
Session Profit in bits: -74.00
Placed 59 bits on Multiplier: 1.25
Game crashed at 1.07 LOST
Session Profit in bits: -133.00
[Bot] Cannot afford 59 bits...
Placed 1 bits on Multiplier: 1.25
Game crashed at 8.05 WIN
Session Profit in bits: -132.75
Placed 2 bits on Multiplier: 1.25
Game crashed at 1.41 WIN
Session Profit in bits: -132.25
Placed 3 bits on Multiplier: 1.25
Game crashed at 2.74 WIN
Session Profit in bits: -131.50
Placed 4 bits on Multiplier: 1.25
Game crashed at 2.91 WIN
Session Profit in bits: -130.50
Placed 5 bits on Multiplier: 1.25
Game crashed at 7.17 WIN
Session Profit in bits: -129.25
Placed 6 bits on Multiplier: 1.25
Game crashed at 3.54 WIN
Session Profit in bits: -127.75
Placed 7 bits on Multiplier: 1.25
Disconnected from Web server | transport error | string
Connected to WebServer
Game crashed at 21.69 WIN
Session Profit in bits: -126.00
Placed 8 bits on Multiplier: 1.25
Game crashed at 1.38 WIN
Session Profit in bits: -124.00
Placed 9 bits on Multiplier: 1.25
Game crashed at 1.14 LOST
Session Profit in bits: -133.00
Placed 9 bits on Multiplier: 1.25
Game crashed at 8.60 WIN
Session Profit in bits: -130.75
Placed 10 bits on Multiplier: 1.25
Game crashed at 42.97 WIN
Session Profit in bits: -128.25
Placed 11 bits on Multiplier: 1.25
Game crashed at 72.59 WIN
Session Profit in bits: -125.50
Placed 12 bits on Multiplier: 1.25
Game crashed at 10.90 WIN
Session Profit in bits: -122.50
Placed 13 bits on Multiplier: 1.25
Game crashed at 4.58 WIN
Session Profit in bits: -119.25
Placed 14 bits on Multiplier: 1.25
Disconnected from Web server | transport error | string
Connected to WebServer
Game crashed at 4.90 WIN
Session Profit in bits: -115.75
Placed 15 bits on Multiplier: 1.25
Game crashed at 27.42 WIN
Session Profit in bits: -112.00
Placed 16 bits on Multiplier: 1.25
Game crashed at 1.05 LOST
Session Profit in bits: -128.00
Placed 16 bits on Multiplier: 1.25
Game crashed at 1.67 WIN
Session Profit in bits: -124.00
Placed 17 bits on Multiplier: 1.25
Game crashed at 1.47 WIN
Session Profit in bits: -119.75
Placed 18 bits on Multiplier: 1.25
Disconnected from Web server | transport error | string
Connected to WebServer
Game crashed at 521.74 WIN
Session Profit in bits: -115.25
Placed 19 bits on Multiplier: 1.25
Game crashed at 1.03 LOST
Session Profit in bits: -134.25
Placed 19 bits on Multiplier: 1.25
Game crashed at 6.18 WIN
Session Profit in bits: -129.50
Placed 20 bits on Multiplier: 1.25
Game crashed at 2.32 WIN
Session Profit in bits: -124.50
Placed 21 bits on Multiplier: 1.25
Game crashed at 2.79 WIN
Session Profit in bits: -119.25
Placed 22 bits on Multiplier: 1.25
Game crashed at 2.09 WIN
Session Profit in bits: -113.75
Placed 23 bits on Multiplier: 1.25
Game crashed at 2.42 WIN
Session Profit in bits: -108.00
Placed 24 bits on Multiplier: 1.25
Game crashed at 4.71 WIN
Session Profit in bits: -102.00
Placed 25 bits on Multiplier: 1.25
Game crashed at 7.16 WIN
Session Profit in bits: -95.75
Placed 26 bits on Multiplier: 1.25
Game crashed at 1.13 LOST
Session Profit in bits: -121.75
Placed 26 bits on Multiplier: 1.25
Game crashed at 1.49 WIN
Session Profit in bits: -115.25
Placed 27 bits on Multiplier: 1.25
Game crashed at 1.63 WIN
Session Profit in bits: -108.50
Placed 28 bits on Multiplier: 1.25
Game crashed at 4.09 WIN
Session Profit in bits: -101.50
Placed 29 bits on Multiplier: 1.25
Game crashed at 20.36 WIN
Session Profit in bits: -94.25
Placed 30 bits on Multiplier: 1.25
Game crashed at 1.20 LOST
Session Profit in bits: -124.25
Placed 30 bits on Multiplier: 1.25
Game crashed at 2.91 WIN
Session Profit in bits: -116.75
Placed 31 bits on Multiplier: 1.25
Game crashed at 8.39 WIN
Session Profit in bits: -109.00
Placed 32 bits on Multiplier: 1.25
Game crashed at 6.90 WIN
Session Profit in bits: -101.00
